<?xml version="1.0" encoding="UTF-8"?>
<!-- Generated by org.testng.reporters.JUnitReportReporter -->
<testsuite hostname="DESKTOP-L5S1NA7" failures="0" tests="1" name="loginFunctionality.TC004InputSpecialCharacter" time="10.937" errors="0" timestamp="2022-09-13T19:43:09 BDT" skipped="0">
  <testcase classname="loginFunctionality.TC004InputSpecialCharacter" name="Input_Special_Character" time="10.937"/>
  <system-out/>
</testsuite> <!-- loginFunctionality.TC004InputSpecialCharacter -->
