<?xml version="1.0" encoding="UTF-8"?>
<!-- Generated by org.testng.reporters.JUnitReportReporter -->
<testsuite hostname="DESKTOP-L5S1NA7" failures="0" tests="1" name="loginFunctionality.TC001ValidCredentials" time="11.914" errors="0" timestamp="2022-09-13T19:43:09 BDT" skipped="0">
  <testcase classname="loginFunctionality.TC001ValidCredentials" name="Input_Into_Valid_Credentials" time="11.914"/>
  <system-out/>
</testsuite> <!-- loginFunctionality.TC001ValidCredentials -->
