<?xml version="1.0" encoding="UTF-8"?>
<!-- Generated by org.testng.reporters.JUnitReportReporter -->
<testsuite hostname="DESKTOP-L5S1NA7" failures="0" tests="1" name="loginFunctionality.TC002InvalidCredentials" time="11.365" errors="0" timestamp="2022-09-13T19:43:09 BDT" skipped="0">
  <testcase classname="loginFunctionality.TC002InvalidCredentials" name="Login_Into_Invalid_Credentials" time="11.365"/>
  <system-out/>
</testsuite> <!-- loginFunctionality.TC002InvalidCredentials -->
