<?xml version="1.0" encoding="UTF-8"?>
<!-- Generated by org.testng.reporters.JUnitReportReporter -->
<testsuite hostname="DESKTOP-L5S1NA7" failures="0" tests="1" name="loginFunctionality.RC002InvalidCredentials" time="7.921" errors="0" timestamp="2022-09-13T08:05:24 BDT" skipped="0">
  <testcase classname="loginFunctionality.RC002InvalidCredentials" name="Login_Into_Invalid_Credentials" time="7.921"/>
  <system-out/>
</testsuite> <!-- loginFunctionality.RC002InvalidCredentials -->
