<?xml version="1.0" encoding="UTF-8"?>
<!-- Generated by org.testng.reporters.JUnitReportReporter -->
<testsuite hostname="DESKTOP-L5S1NA7" failures="0" tests="1" name="loginFunctionality.TC003Blank" time="10.343" errors="0" timestamp="2022-09-13T19:43:09 BDT" skipped="0">
  <testcase classname="loginFunctionality.TC003Blank" name="All_Field_Blank" time="10.343"/>
  <system-out/>
</testsuite> <!-- loginFunctionality.TC003Blank -->
