<?xml version="1.0" encoding="UTF-8"?>
<!-- Generated by org.testng.reporters.JUnitXMLReporter -->
<testsuite ignored="0" hostname="DESKTOP-L5S1NA7" failures="0" tests="1" name="Test-2" time="19.087" errors="0" timestamp="2022-09-13T08:05:24 BDT">
  <testcase classname="loginFunctionality.RC002InvalidCredentials" name="Login_Into_Invalid_Credentials" time="7.921"/>
</testsuite> <!-- Test-2 -->
