<?xml version="1.0" encoding="UTF-8"?>
<!-- Generated by org.testng.reporters.JUnitXMLReporter -->
<testsuite ignored="0" hostname="DESKTOP-L5S1NA7" failures="0" tests="1" name="Test-1" time="24.424" errors="0" timestamp="2022-09-13T08:05:05 BDT">
  <testcase classname="loginFunctionality.TC001ValidCredentials" name="Input_Into_Valid_Credentials" time="10.197"/>
</testsuite> <!-- Test-1 -->
